2011-05-21 10:31:06,792 [http-8080-3] ERROR StackTrace  - Sanitizing stacktrace:
java.lang.NullPointerException: Cannot invoke method writeHead() on null object
	at org.codehaus.groovy.runtime.NullObject.invokeMethod(NullObject.java:77)
	at org.codehaus.groovy.runtime.callsite.PogoMetaClassSite.call(PogoMetaClassSite.java:45)
	at org.codehaus.groovy.runtime.callsite.CallSiteArray.defaultCall(CallSiteArray.java:40)
	at org.codehaus.groovy.runtime.callsite.NullCallSite.call(NullCallSite.java:32)
	at org.codehaus.groovy.runtime.callsite.CallSiteArray.defaultCall(CallSiteArray.java:40)
	at org.codehaus.groovy.runtime.callsite.PojoMetaMethodSite.call(PojoMetaMethodSite.java:54)
	at org.codehaus.groovy.runtime.callsite.AbstractCallSite.call(AbstractCallSite.java:124)
	at org.codehaus.groovy.grails.plugins.web.taglib.RenderTagLib$_closure7.doCall(RenderTagLib.groovy:296)
	at sun.reflect.NativeMethodAccessorImpl.invoke0(Native Method)
	at sun.reflect.NativeMethodAccessorImpl.invoke(NativeMethodAccessorImpl.java:39)
	at sun.reflect.DelegatingMethodAccessorImpl.invoke(DelegatingMethodAccessorImpl.java:25)
	at java.lang.reflect.Method.invoke(Method.java:597)
	at org.codehaus.groovy.reflection.CachedMethod.invoke(CachedMethod.java:88)
	at groovy.lang.MetaMethod.doMethodInvoke(MetaMethod.java:233)
	at groovy.lang.MetaClassImpl.invokeMethod(MetaClassImpl.java:1058)
	at groovy.lang.ExpandoMetaClass.invokeMethod(ExpandoMetaClass.java:1070)
	at groovy.lang.MetaClassImpl.invokeMethod(MetaClassImpl.java:886)
	at groovy.lang.Closure.call(Closure.java:276)
	at org.codehaus.groovy.grails.web.pages.GroovyPage.invokeTag(GroovyPage.java:357)
	at sun.reflect.GeneratedMethodAccessor194.invoke(Unknown Source)
	at sun.reflect.DelegatingMethodAccessorImpl.invoke(DelegatingMethodAccessorImpl.java:25)
	at java.lang.reflect.Method.invoke(Method.java:597)
	at org.codehaus.groovy.reflection.CachedMethod.invoke(CachedMethod.java:88)
	at groovy.lang.MetaMethod.doMethodInvoke(MetaMethod.java:233)
	at groovy.lang.MetaClassImpl.invokeMethod(MetaClassImpl.java:1058)
	at groovy.lang.ExpandoMetaClass.invokeMethod(ExpandoMetaClass.java:1070)
	at groovy.lang.MetaClassImpl.invokeMethod(MetaClassImpl.java:886)
	at groovy.lang.MetaClassImpl.invokeMethod(MetaClassImpl.java:1003)
	at groovy.lang.ExpandoMetaClass.invokeMethod(ExpandoMetaClass.java:1070)
	at groovy.lang.MetaClassImpl.invokeMethod(MetaClassImpl.java:886)
	at org.codehaus.groovy.runtime.callsite.PogoMetaClassSite.callCurrent(PogoMetaClassSite.java:66)
	at org.codehaus.groovy.runtime.callsite.CallSiteArray.defaultCallCurrent(CallSiteArray.java:44)
	at org.codehaus.groovy.runtime.callsite.AbstractCallSite.callCurrent(AbstractCallSite.java:141)
	at Users_peterandreaschronz_Documents_business_Sharevent_ShareventImpl_Sharevent_grails_app_views_main_view_gsp$_run_closure1.doCall(view.gsp:13)
	at sun.reflect.NativeMethodAccessorImpl.invoke0(Native Method)
	at sun.reflect.NativeMethodAccessorImpl.invoke(NativeMethodAccessorImpl.java:39)
	at sun.reflect.DelegatingMethodAccessorImpl.invoke(DelegatingMethodAccessorImpl.java:25)
	at java.lang.reflect.Method.invoke(Method.java:597)
	at org.codehaus.groovy.runtime.callsite.PogoMetaMethodSite$PogoCachedMethodSite.invoke(PogoMetaMethodSite.java:225)
	at org.codehaus.groovy.runtime.callsite.PogoMetaMethodSite.callCurrent(PogoMetaMethodSite.java:51)
	at org.codehaus.groovy.runtime.callsite.CallSiteArray.defaultCallCurrent(CallSiteArray.java:44)
	at org.codehaus.groovy.runtime.callsite.AbstractCallSite.callCurrent(AbstractCallSite.java:141)
	at org.codehaus.groovy.runtime.callsite.AbstractCallSite.callCurrent(AbstractCallSite.java:149)
	at Users_peterandreaschronz_Documents_business_Sharevent_ShareventImpl_Sharevent_grails_app_views_main_view_gsp$_run_closure1.doCall(view.gsp)
	at sun.reflect.NativeMethodAccessorImpl.invoke0(Native Method)
	at sun.reflect.NativeMethodAccessorImpl.invoke(NativeMethodAccessorImpl.java:39)
	at sun.reflect.DelegatingMethodAccessorImpl.invoke(DelegatingMethodAccessorImpl.java:25)
	at java.lang.reflect.Method.invoke(Method.java:597)
	at org.codehaus.groovy.reflection.CachedMethod.invoke(CachedMethod.java:88)
	at groovy.lang.MetaMethod.doMethodInvoke(MetaMethod.java:233)
	at groovy.lang.MetaClassImpl.invokeMethod(MetaClassImpl.java:1058)
	at groovy.lang.ExpandoMetaClass.invokeMethod(ExpandoMetaClass.java:1070)
	at groovy.lang.MetaClassImpl.invokeMethod(MetaClassImpl.java:886)
	at groovy.lang.Closure.call(Closure.java:276)
	at groovy.lang.Closure.call(Closure.java:271)
	at org.codehaus.groovy.grails.web.taglib.GroovyPageTagBody.executeClosure(GroovyPageTagBody.java:175)
	at org.codehaus.groovy.grails.web.taglib.GroovyPageTagBody.captureClosureOutput(GroovyPageTagBody.java:139)
	at org.codehaus.groovy.grails.web.taglib.GroovyPageTagBody.call(GroovyPageTagBody.java:188)
	at org.codehaus.groovy.grails.web.taglib.GroovyPageTagBody$call.call(Unknown Source)
	at org.codehaus.groovy.grails.plugins.web.taglib.SitemeshTagLib.captureTagContent(SitemeshTagLib.groovy:39)
	at sun.reflect.GeneratedMethodAccessor234.invoke(Unknown Source)
	at sun.reflect.DelegatingMethodAccessorImpl.invoke(DelegatingMethodAccessorImpl.java:25)
	at java.lang.reflect.Method.invoke(Method.java:597)
	at org.codehaus.groovy.reflection.CachedMethod.invoke(CachedMethod.java:88)
	at groovy.lang.MetaMethod.doMethodInvoke(MetaMethod.java:233)
	at groovy.lang.MetaClassImpl.invokeMethod(MetaClassImpl.java:1058)
	at groovy.lang.ExpandoMetaClass.invokeMethod(ExpandoMetaClass.java:1070)
	at groovy.lang.MetaClassImpl.invokeMethod(MetaClassImpl.java:886)
	at groovy.lang.MetaClassImpl.invokeMethod(MetaClassImpl.java:1003)
	at groovy.lang.ExpandoMetaClass.invokeMethod(ExpandoMetaClass.java:1070)
	at groovy.lang.MetaClassImpl.invokeMethod(MetaClassImpl.java:886)
	at org.codehaus.groovy.runtime.callsite.PogoMetaClassSite.callCurrent(PogoMetaClassSite.java:66)
	at org.codehaus.groovy.runtime.callsite.AbstractCallSite.callCurrent(AbstractCallSite.java:161)
	at org.codehaus.groovy.grails.plugins.web.taglib.SitemeshTagLib$_closure1.doCall(SitemeshTagLib.groovy:98)
	at sun.reflect.NativeMethodAccessorImpl.invoke0(Native Method)
	at sun.reflect.NativeMethodAccessorImpl.invoke(NativeMethodAccessorImpl.java:39)
	at sun.reflect.DelegatingMethodAccessorImpl.invoke(DelegatingMethodAccessorImpl.java:25)
	at java.lang.reflect.Method.invoke(Method.java:597)
	at org.codehaus.groovy.reflection.CachedMethod.invoke(CachedMethod.java:88)
	at groovy.lang.MetaMethod.doMethodInvoke(MetaMethod.java:233)
	at groovy.lang.MetaClassImpl.invokeMethod(MetaClassImpl.java:1058)
	at groovy.lang.ExpandoMetaClass.invokeMethod(ExpandoMetaClass.java:1070)
	at groovy.lang.MetaClassImpl.invokeMethod(MetaClassImpl.java:886)
	at groovy.lang.Closure.call(Closure.java:276)
	at org.codehaus.groovy.grails.web.pages.GroovyPage.invokeTag(GroovyPage.java:369)
	at org.codehaus.groovy.grails.web.pages.GroovyPage$invokeTag.callCurrent(Unknown Source)
	at org.codehaus.groovy.runtime.callsite.CallSiteArray.defaultCallCurrent(CallSiteArray.java:44)
	at org.codehaus.groovy.runtime.callsite.AbstractCallSite.callCurrent(AbstractCallSite.java:141)
	at Users_peterandreaschronz_Documents_business_Sharevent_ShareventImpl_Sharevent_grails_app_views_main_view_gsp.run(view.gsp:14)
	at org.codehaus.groovy.grails.web.pages.GroovyPageWritable.writeTo(GroovyPageWritable.java:203)
	at org.codehaus.groovy.grails.web.servlet.view.GroovyPageView.renderWithTemplateEngine(GroovyPageView.java:146)
	at org.codehaus.groovy.grails.web.servlet.view.GroovyPageView.renderMergedOutputModel(GroovyPageView.java:79)
	at org.springframework.web.servlet.view.AbstractView.render(AbstractView.java:250)
	at org.springframework.web.servlet.DispatcherServlet.render(DispatcherServlet.java:1047)
	at org.codehaus.groovy.grails.web.servlet.GrailsDispatcherServlet.doDispatch(GrailsDispatcherServlet.java:329)
	at org.springframework.web.servlet.DispatcherServlet.doService(DispatcherServlet.java:719)
	at org.springframework.web.servlet.FrameworkServlet.processRequest(FrameworkServlet.java:644)
	at org.springframework.web.servlet.FrameworkServlet.doGet(FrameworkServlet.java:549)
	at javax.servlet.http.HttpServlet.service(HttpServlet.java:707)
	at javax.servlet.http.HttpServlet.service(HttpServlet.java:820)
	at org.apache.catalina.core.ApplicationFilterChain.internalDoFilter(ApplicationFilterChain.java:290)
	at org.apache.catalina.core.ApplicationFilterChain.doFilter(ApplicationFilterChain.java:206)
	at org.springframework.web.filter.OncePerRequestFilter.doFilter(OncePerRequestFilter.java:70)
	at org.apache.catalina.core.ApplicationFilterChain.internalDoFilter(ApplicationFilterChain.java:235)
	at org.apache.catalina.core.ApplicationFilterChain.doFilter(ApplicationFilterChain.java:206)
	at org.springframework.web.filter.OncePerRequestFilter.doFilter(OncePerRequestFilter.java:70)
	at org.apache.catalina.core.ApplicationFilterChain.internalDoFilter(ApplicationFilterChain.java:235)
	at org.apache.catalina.core.ApplicationFilterChain.doFilter(ApplicationFilterChain.java:206)
	at org.springframework.web.filter.OncePerRequestFilter.doFilter(OncePerRequestFilter.java:70)
	at org.apache.catalina.core.ApplicationFilterChain.internalDoFilter(ApplicationFilterChain.java:235)
	at org.apache.catalina.core.ApplicationFilterChain.doFilter(ApplicationFilterChain.java:206)
	at org.springframework.web.filter.OncePerRequestFilter.doFilter(OncePerRequestFilter.java:70)
	at org.apache.catalina.core.ApplicationFilterChain.internalDoFilter(ApplicationFilterChain.java:235)
	at org.apache.catalina.core.ApplicationFilterChain.doFilter(ApplicationFilterChain.java:206)
	at org.apache.catalina.core.ApplicationDispatcher.invoke(ApplicationDispatcher.java:646)
	at org.apache.catalina.core.ApplicationDispatcher.processRequest(ApplicationDispatcher.java:436)
	at org.apache.catalina.core.ApplicationDispatcher.doForward(ApplicationDispatcher.java:374)
	at org.apache.catalina.core.ApplicationDispatcher.forward(ApplicationDispatcher.java:302)
	at org.codehaus.groovy.grails.web.util.WebUtils.forwardRequestForUrlMappingInfo(WebUtils.java:298)
	at org.codehaus.groovy.grails.web.util.WebUtils.forwardRequestForUrlMappingInfo(WebUtils.java:264)
	at org.codehaus.groovy.grails.web.util.WebUtils.forwardRequestForUrlMappingInfo(WebUtils.java:255)
	at org.codehaus.groovy.grails.web.mapping.filter.UrlMappingsFilter.doFilterInternal(UrlMappingsFilter.java:183)
	at org.springframework.web.filter.OncePerRequestFilter.doFilter(OncePerRequestFilter.java:76)
	at org.apache.catalina.core.ApplicationFilterChain.internalDoFilter(ApplicationFilterChain.java:235)
	at org.apache.catalina.core.ApplicationFilterChain.doFilter(ApplicationFilterChain.java:206)
	at org.codehaus.groovy.grails.web.sitemesh.GrailsPageFilter.obtainContent(GrailsPageFilter.java:245)
	at org.codehaus.groovy.grails.web.sitemesh.GrailsPageFilter.doFilter(GrailsPageFilter.java:134)
	at org.apache.catalina.core.ApplicationFilterChain.internalDoFilter(ApplicationFilterChain.java:235)
	at org.apache.catalina.core.ApplicationFilterChain.doFilter(ApplicationFilterChain.java:206)
	at org.codehaus.groovy.grails.web.servlet.filter.GrailsReloadServletFilter.doFilterInternal(GrailsReloadServletFilter.java:104)
	at org.springframework.web.filter.OncePerRequestFilter.doFilter(OncePerRequestFilter.java:76)
	at org.apache.catalina.core.ApplicationFilterChain.internalDoFilter(ApplicationFilterChain.java:235)
	at org.apache.catalina.core.ApplicationFilterChain.doFilter(ApplicationFilterChain.java:206)
	at org.codehaus.groovy.grails.web.servlet.mvc.GrailsWebRequestFilter.doFilterInternal(GrailsWebRequestFilter.java:69)
	at org.springframework.web.filter.OncePerRequestFilter.doFilter(OncePerRequestFilter.java:76)
	at org.apache.catalina.core.ApplicationFilterChain.internalDoFilter(ApplicationFilterChain.java:235)
	at org.apache.catalina.core.ApplicationFilterChain.doFilter(ApplicationFilterChain.java:206)
	at org.codehaus.groovy.grails.web.filters.HiddenHttpMethodFilter.doFilterInternal(HiddenHttpMethodFilter.java:69)
	at org.springframework.web.filter.OncePerRequestFilter.doFilter(OncePerRequestFilter.java:76)
	at org.apache.catalina.core.ApplicationFilterChain.internalDoFilter(ApplicationFilterChain.java:235)
	at org.apache.catalina.core.ApplicationFilterChain.doFilter(ApplicationFilterChain.java:206)
	at org.springframework.web.filter.CharacterEncodingFilter.doFilterInternal(CharacterEncodingFilter.java:88)
	at org.springframework.web.filter.OncePerRequestFilter.doFilter(OncePerRequestFilter.java:76)
	at org.springframework.web.filter.DelegatingFilterProxy.invokeDelegate(DelegatingFilterProxy.java:237)
	at org.springframework.web.filter.DelegatingFilterProxy.doFilter(DelegatingFilterProxy.java:167)
	at org.apache.catalina.core.ApplicationFilterChain.internalDoFilter(ApplicationFilterChain.java:235)
	at org.apache.catalina.core.ApplicationFilterChain.doFilter(ApplicationFilterChain.java:206)
	at org.apache.catalina.core.StandardWrapperValve.invoke(StandardWrapperValve.java:233)
	at org.apache.catalina.core.StandardContextValve.invoke(StandardContextValve.java:191)
	at org.apache.catalina.core.StandardHostValve.invoke(StandardHostValve.java:128)
	at org.apache.catalina.valves.ErrorReportValve.invoke(ErrorReportValve.java:102)
	at org.apache.catalina.core.StandardEngineValve.invoke(StandardEngineValve.java:109)
	at org.apache.catalina.connector.CoyoteAdapter.service(CoyoteAdapter.java:293)
	at org.apache.coyote.http11.Http11Processor.process(Http11Processor.java:849)
	at org.apache.coyote.http11.Http11Protocol$Http11ConnectionHandler.process(Http11Protocol.java:583)
	at org.apache.tomcat.util.net.JIoEndpoint$Worker.run(JIoEndpoint.java:454)
	at java.lang.Thread.run(Thread.java:680)
2011-05-21 10:31:06,796 [http-8080-3] ERROR StackTrace  - Sanitizing stacktrace:
org.codehaus.groovy.grails.web.taglib.exceptions.GrailsTagException: Error executing tag <g:layoutHead>: Cannot invoke method writeHead() on null object at /Users/peterandreaschronz/Documents/business/Sharevent/ShareventImpl/Sharevent/grails-app/views/main/view.gsp:13
	at org.codehaus.groovy.grails.web.pages.GroovyPage.throwRootCause(GroovyPage.java:442)
	at org.codehaus.groovy.grails.web.pages.GroovyPage.invokeTag(GroovyPage.java:430)
	at sun.reflect.GeneratedMethodAccessor194.invoke(Unknown Source)
	at sun.reflect.DelegatingMethodAccessorImpl.invoke(DelegatingMethodAccessorImpl.java:25)
	at java.lang.reflect.Method.invoke(Method.java:597)
	at org.codehaus.groovy.reflection.CachedMethod.invoke(CachedMethod.java:88)
	at groovy.lang.MetaMethod.doMethodInvoke(MetaMethod.java:233)
	at groovy.lang.MetaClassImpl.invokeMethod(MetaClassImpl.java:1058)
	at groovy.lang.ExpandoMetaClass.invokeMethod(ExpandoMetaClass.java:1070)
	at groovy.lang.MetaClassImpl.invokeMethod(MetaClassImpl.java:886)
	at groovy.lang.MetaClassImpl.invokeMethod(MetaClassImpl.java:1003)
	at groovy.lang.ExpandoMetaClass.invokeMethod(ExpandoMetaClass.java:1070)
	at groovy.lang.MetaClassImpl.invokeMethod(MetaClassImpl.java:886)
	at org.codehaus.groovy.runtime.callsite.PogoMetaClassSite.callCurrent(PogoMetaClassSite.java:66)
	at org.codehaus.groovy.runtime.callsite.CallSiteArray.defaultCallCurrent(CallSiteArray.java:44)
	at org.codehaus.groovy.runtime.callsite.AbstractCallSite.callCurrent(AbstractCallSite.java:141)
	at Users_peterandreaschronz_Documents_business_Sharevent_ShareventImpl_Sharevent_grails_app_views_main_view_gsp$_run_closure1.doCall(view.gsp:13)
	at sun.reflect.NativeMethodAccessorImpl.invoke0(Native Method)
	at sun.reflect.NativeMethodAccessorImpl.invoke(NativeMethodAccessorImpl.java:39)
	at sun.reflect.DelegatingMethodAccessorImpl.invoke(DelegatingMethodAccessorImpl.java:25)
	at java.lang.reflect.Method.invoke(Method.java:597)
	at org.codehaus.groovy.runtime.callsite.PogoMetaMethodSite$PogoCachedMethodSite.invoke(PogoMetaMethodSite.java:225)
	at org.codehaus.groovy.runtime.callsite.PogoMetaMethodSite.callCurrent(PogoMetaMethodSite.java:51)
	at org.codehaus.groovy.runtime.callsite.CallSiteArray.defaultCallCurrent(CallSiteArray.java:44)
	at org.codehaus.groovy.runtime.callsite.AbstractCallSite.callCurrent(AbstractCallSite.java:141)
	at org.codehaus.groovy.runtime.callsite.AbstractCallSite.callCurrent(AbstractCallSite.java:149)
	at Users_peterandreaschronz_Documents_business_Sharevent_ShareventImpl_Sharevent_grails_app_views_main_view_gsp$_run_closure1.doCall(view.gsp)
	at sun.reflect.NativeMethodAccessorImpl.invoke0(Native Method)
	at sun.reflect.NativeMethodAccessorImpl.invoke(NativeMethodAccessorImpl.java:39)
	at sun.reflect.DelegatingMethodAccessorImpl.invoke(DelegatingMethodAccessorImpl.java:25)
	at java.lang.reflect.Method.invoke(Method.java:597)
	at org.codehaus.groovy.reflection.CachedMethod.invoke(CachedMethod.java:88)
	at groovy.lang.MetaMethod.doMethodInvoke(MetaMethod.java:233)
	at groovy.lang.MetaClassImpl.invokeMethod(MetaClassImpl.java:1058)
	at groovy.lang.ExpandoMetaClass.invokeMethod(ExpandoMetaClass.java:1070)
	at groovy.lang.MetaClassImpl.invokeMethod(MetaClassImpl.java:886)
	at groovy.lang.Closure.call(Closure.java:276)
	at groovy.lang.Closure.call(Closure.java:271)
	at org.codehaus.groovy.grails.web.taglib.GroovyPageTagBody.executeClosure(GroovyPageTagBody.java:175)
	at org.codehaus.groovy.grails.web.taglib.GroovyPageTagBody.captureClosureOutput(GroovyPageTagBody.java:139)
	at org.codehaus.groovy.grails.web.taglib.GroovyPageTagBody.call(GroovyPageTagBody.java:188)
	at org.codehaus.groovy.grails.web.taglib.GroovyPageTagBody$call.call(Unknown Source)
	at org.codehaus.groovy.grails.plugins.web.taglib.SitemeshTagLib.captureTagContent(SitemeshTagLib.groovy:39)
	at sun.reflect.GeneratedMethodAccessor234.invoke(Unknown Source)
	at sun.reflect.DelegatingMethodAccessorImpl.invoke(DelegatingMethodAccessorImpl.java:25)
	at java.lang.reflect.Method.invoke(Method.java:597)
	at org.codehaus.groovy.reflection.CachedMethod.invoke(CachedMethod.java:88)
	at groovy.lang.MetaMethod.doMethodInvoke(MetaMethod.java:233)
	at groovy.lang.MetaClassImpl.invokeMethod(MetaClassImpl.java:1058)
	at groovy.lang.ExpandoMetaClass.invokeMethod(ExpandoMetaClass.java:1070)
	at groovy.lang.MetaClassImpl.invokeMethod(MetaClassImpl.java:886)
	at groovy.lang.MetaClassImpl.invokeMethod(MetaClassImpl.java:1003)
	at groovy.lang.ExpandoMetaClass.invokeMethod(ExpandoMetaClass.java:1070)
	at groovy.lang.MetaClassImpl.invokeMethod(MetaClassImpl.java:886)
	at org.codehaus.groovy.runtime.callsite.PogoMetaClassSite.callCurrent(PogoMetaClassSite.java:66)
	at org.codehaus.groovy.runtime.callsite.AbstractCallSite.callCurrent(AbstractCallSite.java:161)
	at org.codehaus.groovy.grails.plugins.web.taglib.SitemeshTagLib$_closure1.doCall(SitemeshTagLib.groovy:98)
	at sun.reflect.NativeMethodAccessorImpl.invoke0(Native Method)
	at sun.reflect.NativeMethodAccessorImpl.invoke(NativeMethodAccessorImpl.java:39)
	at sun.reflect.DelegatingMethodAccessorImpl.invoke(DelegatingMethodAccessorImpl.java:25)
	at java.lang.reflect.Method.invoke(Method.java:597)
	at org.codehaus.groovy.reflection.CachedMethod.invoke(CachedMethod.java:88)
	at groovy.lang.MetaMethod.doMethodInvoke(MetaMethod.java:233)
	at groovy.lang.MetaClassImpl.invokeMethod(MetaClassImpl.java:1058)
	at groovy.lang.ExpandoMetaClass.invokeMethod(ExpandoMetaClass.java:1070)
	at groovy.lang.MetaClassImpl.invokeMethod(MetaClassImpl.java:886)
	at groovy.lang.Closure.call(Closure.java:276)
	at org.codehaus.groovy.grails.web.pages.GroovyPage.invokeTag(GroovyPage.java:369)
	at org.codehaus.groovy.grails.web.pages.GroovyPage$invokeTag.callCurrent(Unknown Source)
	at org.codehaus.groovy.runtime.callsite.CallSiteArray.defaultCallCurrent(CallSiteArray.java:44)
	at org.codehaus.groovy.runtime.callsite.AbstractCallSite.callCurrent(AbstractCallSite.java:141)
	at Users_peterandreaschronz_Documents_business_Sharevent_ShareventImpl_Sharevent_grails_app_views_main_view_gsp.run(view.gsp:14)
	at org.codehaus.groovy.grails.web.pages.GroovyPageWritable.writeTo(GroovyPageWritable.java:203)
	at org.codehaus.groovy.grails.web.servlet.view.GroovyPageView.renderWithTemplateEngine(GroovyPageView.java:146)
	at org.codehaus.groovy.grails.web.servlet.view.GroovyPageView.renderMergedOutputModel(GroovyPageView.java:79)
	at org.springframework.web.servlet.view.AbstractView.render(AbstractView.java:250)
	at org.springframework.web.servlet.DispatcherServlet.render(DispatcherServlet.java:1047)
	at org.codehaus.groovy.grails.web.servlet.GrailsDispatcherServlet.doDispatch(GrailsDispatcherServlet.java:329)
	at org.springframework.web.servlet.DispatcherServlet.doService(DispatcherServlet.java:719)
	at org.springframework.web.servlet.FrameworkServlet.processRequest(FrameworkServlet.java:644)
	at org.springframework.web.servlet.FrameworkServlet.doGet(FrameworkServlet.java:549)
	at javax.servlet.http.HttpServlet.service(HttpServlet.java:707)
	at javax.servlet.http.HttpServlet.service(HttpServlet.java:820)
	at org.apache.catalina.core.ApplicationFilterChain.internalDoFilter(ApplicationFilterChain.java:290)
	at org.apache.catalina.core.ApplicationFilterChain.doFilter(ApplicationFilterChain.java:206)
	at org.springframework.web.filter.OncePerRequestFilter.doFilter(OncePerRequestFilter.java:70)
	at org.apache.catalina.core.ApplicationFilterChain.internalDoFilter(ApplicationFilterChain.java:235)
	at org.apache.catalina.core.ApplicationFilterChain.doFilter(ApplicationFilterChain.java:206)
	at org.springframework.web.filter.OncePerRequestFilter.doFilter(OncePerRequestFilter.java:70)
	at org.apache.catalina.core.ApplicationFilterChain.internalDoFilter(ApplicationFilterChain.java:235)
	at org.apache.catalina.core.ApplicationFilterChain.doFilter(ApplicationFilterChain.java:206)
	at org.springframework.web.filter.OncePerRequestFilter.doFilter(OncePerRequestFilter.java:70)
	at org.apache.catalina.core.ApplicationFilterChain.internalDoFilter(ApplicationFilterChain.java:235)
	at org.apache.catalina.core.ApplicationFilterChain.doFilter(ApplicationFilterChain.java:206)
	at org.springframework.web.filter.OncePerRequestFilter.doFilter(OncePerRequestFilter.java:70)
	at org.apache.catalina.core.ApplicationFilterChain.internalDoFilter(ApplicationFilterChain.java:235)
	at org.apache.catalina.core.ApplicationFilterChain.doFilter(ApplicationFilterChain.java:206)
	at org.apache.catalina.core.ApplicationDispatcher.invoke(ApplicationDispatcher.java:646)
	at org.apache.catalina.core.ApplicationDispatcher.processRequest(ApplicationDispatcher.java:436)
	at org.apache.catalina.core.ApplicationDispatcher.doForward(ApplicationDispatcher.java:374)
	at org.apache.catalina.core.ApplicationDispatcher.forward(ApplicationDispatcher.java:302)
	at org.codehaus.groovy.grails.web.util.WebUtils.forwardRequestForUrlMappingInfo(WebUtils.java:298)
	at org.codehaus.groovy.grails.web.util.WebUtils.forwardRequestForUrlMappingInfo(WebUtils.java:264)
	at org.codehaus.groovy.grails.web.util.WebUtils.forwardRequestForUrlMappingInfo(WebUtils.java:255)
	at org.codehaus.groovy.grails.web.mapping.filter.UrlMappingsFilter.doFilterInternal(UrlMappingsFilter.java:183)
	at org.springframework.web.filter.OncePerRequestFilter.doFilter(OncePerRequestFilter.java:76)
	at org.apache.catalina.core.ApplicationFilterChain.internalDoFilter(ApplicationFilterChain.java:235)
	at org.apache.catalina.core.ApplicationFilterChain.doFilter(ApplicationFilterChain.java:206)
	at org.codehaus.groovy.grails.web.sitemesh.GrailsPageFilter.obtainContent(GrailsPageFilter.java:245)
	at org.codehaus.groovy.grails.web.sitemesh.GrailsPageFilter.doFilter(GrailsPageFilter.java:134)
	at org.apache.catalina.core.ApplicationFilterChain.internalDoFilter(ApplicationFilterChain.java:235)
	at org.apache.catalina.core.ApplicationFilterChain.doFilter(ApplicationFilterChain.java:206)
	at org.codehaus.groovy.grails.web.servlet.filter.GrailsReloadServletFilter.doFilterInternal(GrailsReloadServletFilter.java:104)
	at org.springframework.web.filter.OncePerRequestFilter.doFilter(OncePerRequestFilter.java:76)
	at org.apache.catalina.core.ApplicationFilterChain.internalDoFilter(ApplicationFilterChain.java:235)
	at org.apache.catalina.core.ApplicationFilterChain.doFilter(ApplicationFilterChain.java:206)
	at org.codehaus.groovy.grails.web.servlet.mvc.GrailsWebRequestFilter.doFilterInternal(GrailsWebRequestFilter.java:69)
	at org.springframework.web.filter.OncePerRequestFilter.doFilter(OncePerRequestFilter.java:76)
	at org.apache.catalina.core.ApplicationFilterChain.internalDoFilter(ApplicationFilterChain.java:235)
	at org.apache.catalina.core.ApplicationFilterChain.doFilter(ApplicationFilterChain.java:206)
	at org.codehaus.groovy.grails.web.filters.HiddenHttpMethodFilter.doFilterInternal(HiddenHttpMethodFilter.java:69)
	at org.springframework.web.filter.OncePerRequestFilter.doFilter(OncePerRequestFilter.java:76)
	at org.apache.catalina.core.ApplicationFilterChain.internalDoFilter(ApplicationFilterChain.java:235)
	at org.apache.catalina.core.ApplicationFilterChain.doFilter(ApplicationFilterChain.java:206)
	at org.springframework.web.filter.CharacterEncodingFilter.doFilterInternal(CharacterEncodingFilter.java:88)
	at org.springframework.web.filter.OncePerRequestFilter.doFilter(OncePerRequestFilter.java:76)
	at org.springframework.web.filter.DelegatingFilterProxy.invokeDelegate(DelegatingFilterProxy.java:237)
	at org.springframework.web.filter.DelegatingFilterProxy.doFilter(DelegatingFilterProxy.java:167)
	at org.apache.catalina.core.ApplicationFilterChain.internalDoFilter(ApplicationFilterChain.java:235)
	at org.apache.catalina.core.ApplicationFilterChain.doFilter(ApplicationFilterChain.java:206)
	at org.apache.catalina.core.StandardWrapperValve.invoke(StandardWrapperValve.java:233)
	at org.apache.catalina.core.StandardContextValve.invoke(StandardContextValve.java:191)
	at org.apache.catalina.core.StandardHostValve.invoke(StandardHostValve.java:128)
	at org.apache.catalina.valves.ErrorReportValve.invoke(ErrorReportValve.java:102)
	at org.apache.catalina.core.StandardEngineValve.invoke(StandardEngineValve.java:109)
	at org.apache.catalina.connector.CoyoteAdapter.service(CoyoteAdapter.java:293)
	at org.apache.coyote.http11.Http11Processor.process(Http11Processor.java:849)
	at org.apache.coyote.http11.Http11Protocol$Http11ConnectionHandler.process(Http11Protocol.java:583)
	at org.apache.tomcat.util.net.JIoEndpoint$Worker.run(JIoEndpoint.java:454)
	at java.lang.Thread.run(Thread.java:680)
Caused by: java.lang.NullPointerException: Cannot invoke method writeHead() on null object
	at Users_peterandreaschronz_Documents_business_Sharevent_ShareventImpl_Sharevent_grails_app_views_main_view_gsp$_run_closure1.doCall(view.gsp:13)
	at Users_peterandreaschronz_Documents_business_Sharevent_ShareventImpl_Sharevent_grails_app_views_main_view_gsp$_run_closure1.doCall(view.gsp)
	at Users_peterandreaschronz_Documents_business_Sharevent_ShareventImpl_Sharevent_grails_app_views_main_view_gsp.run(view.gsp:14)
	... 1 more
2011-05-21 10:31:06,798 [http-8080-3] ERROR StackTrace  - Sanitizing stacktrace:
org.codehaus.groovy.grails.web.taglib.exceptions.GrailsTagException: Error executing tag <g:layoutHead>: Cannot invoke method writeHead() on null object at /Users/peterandreaschronz/Documents/business/Sharevent/ShareventImpl/Sharevent/grails-app/views/main/view.gsp:13
	at Users_peterandreaschronz_Documents_business_Sharevent_ShareventImpl_Sharevent_grails_app_views_main_view_gsp$_run_closure1.doCall(view.gsp:13)
	at Users_peterandreaschronz_Documents_business_Sharevent_ShareventImpl_Sharevent_grails_app_views_main_view_gsp$_run_closure1.doCall(view.gsp)
	at Users_peterandreaschronz_Documents_business_Sharevent_ShareventImpl_Sharevent_grails_app_views_main_view_gsp.run(view.gsp:14)
	at java.lang.Thread.run(Thread.java:680)
Caused by: java.lang.NullPointerException: Cannot invoke method writeHead() on null object
	... 4 more
2011-05-21 10:31:06,799 [http-8080-3] ERROR StackTrace  - Sanitizing stacktrace:
java.lang.NullPointerException: Cannot invoke method writeHead() on null object
	at Users_peterandreaschronz_Documents_business_Sharevent_ShareventImpl_Sharevent_grails_app_views_main_view_gsp$_run_closure1.doCall(view.gsp:13)
	at Users_peterandreaschronz_Documents_business_Sharevent_ShareventImpl_Sharevent_grails_app_views_main_view_gsp$_run_closure1.doCall(view.gsp)
	at Users_peterandreaschronz_Documents_business_Sharevent_ShareventImpl_Sharevent_grails_app_views_main_view_gsp.run(view.gsp:14)
	at java.lang.Thread.run(Thread.java:680)
2011-05-21 10:31:06,799 [http-8080-3] ERROR StackTrace  - Sanitizing stacktrace:
org.codehaus.groovy.grails.web.pages.exceptions.GroovyPagesException: Error processing GroovyPageView: Error executing tag <g:layoutHead>: Cannot invoke method writeHead() on null object at /Users/peterandreaschronz/Documents/business/Sharevent/ShareventImpl/Sharevent/grails-app/views/main/view.gsp:13
	at org.codehaus.groovy.grails.web.servlet.view.GroovyPageView.handleException(GroovyPageView.java:178)
	at org.codehaus.groovy.grails.web.servlet.view.GroovyPageView.renderWithTemplateEngine(GroovyPageView.java:151)
	at org.codehaus.groovy.grails.web.servlet.view.GroovyPageView.renderMergedOutputModel(GroovyPageView.java:79)
	at org.springframework.web.servlet.view.AbstractView.render(AbstractView.java:250)
	at org.springframework.web.servlet.DispatcherServlet.render(DispatcherServlet.java:1047)
	at org.codehaus.groovy.grails.web.servlet.GrailsDispatcherServlet.doDispatch(GrailsDispatcherServlet.java:329)
	at org.springframework.web.servlet.DispatcherServlet.doService(DispatcherServlet.java:719)
	at org.springframework.web.servlet.FrameworkServlet.processRequest(FrameworkServlet.java:644)
	at org.springframework.web.servlet.FrameworkServlet.doGet(FrameworkServlet.java:549)
	at javax.servlet.http.HttpServlet.service(HttpServlet.java:707)
	at javax.servlet.http.HttpServlet.service(HttpServlet.java:820)
	at org.apache.catalina.core.ApplicationFilterChain.internalDoFilter(ApplicationFilterChain.java:290)
	at org.apache.catalina.core.ApplicationFilterChain.doFilter(ApplicationFilterChain.java:206)
	at org.springframework.web.filter.OncePerRequestFilter.doFilter(OncePerRequestFilter.java:70)
	at org.apache.catalina.core.ApplicationFilterChain.internalDoFilter(ApplicationFilterChain.java:235)
	at org.apache.catalina.core.ApplicationFilterChain.doFilter(ApplicationFilterChain.java:206)
	at org.springframework.web.filter.OncePerRequestFilter.doFilter(OncePerRequestFilter.java:70)
	at org.apache.catalina.core.ApplicationFilterChain.internalDoFilter(ApplicationFilterChain.java:235)
	at org.apache.catalina.core.ApplicationFilterChain.doFilter(ApplicationFilterChain.java:206)
	at org.springframework.web.filter.OncePerRequestFilter.doFilter(OncePerRequestFilter.java:70)
	at org.apache.catalina.core.ApplicationFilterChain.internalDoFilter(ApplicationFilterChain.java:235)
	at org.apache.catalina.core.ApplicationFilterChain.doFilter(ApplicationFilterChain.java:206)
	at org.springframework.web.filter.OncePerRequestFilter.doFilter(OncePerRequestFilter.java:70)
	at org.apache.catalina.core.ApplicationFilterChain.internalDoFilter(ApplicationFilterChain.java:235)
	at org.apache.catalina.core.ApplicationFilterChain.doFilter(ApplicationFilterChain.java:206)
	at org.apache.catalina.core.ApplicationDispatcher.invoke(ApplicationDispatcher.java:646)
	at org.apache.catalina.core.ApplicationDispatcher.processRequest(ApplicationDispatcher.java:436)
	at org.apache.catalina.core.ApplicationDispatcher.doForward(ApplicationDispatcher.java:374)
	at org.apache.catalina.core.ApplicationDispatcher.forward(ApplicationDispatcher.java:302)
	at org.codehaus.groovy.grails.web.util.WebUtils.forwardRequestForUrlMappingInfo(WebUtils.java:298)
	at org.codehaus.groovy.grails.web.util.WebUtils.forwardRequestForUrlMappingInfo(WebUtils.java:264)
	at org.codehaus.groovy.grails.web.util.WebUtils.forwardRequestForUrlMappingInfo(WebUtils.java:255)
	at org.codehaus.groovy.grails.web.mapping.filter.UrlMappingsFilter.doFilterInternal(UrlMappingsFilter.java:183)
	at org.springframework.web.filter.OncePerRequestFilter.doFilter(OncePerRequestFilter.java:76)
	at org.apache.catalina.core.ApplicationFilterChain.internalDoFilter(ApplicationFilterChain.java:235)
	at org.apache.catalina.core.ApplicationFilterChain.doFilter(ApplicationFilterChain.java:206)
	at org.codehaus.groovy.grails.web.sitemesh.GrailsPageFilter.obtainContent(GrailsPageFilter.java:245)
	at org.codehaus.groovy.grails.web.sitemesh.GrailsPageFilter.doFilter(GrailsPageFilter.java:134)
	at org.apache.catalina.core.ApplicationFilterChain.internalDoFilter(ApplicationFilterChain.java:235)
	at org.apache.catalina.core.ApplicationFilterChain.doFilter(ApplicationFilterChain.java:206)
	at org.codehaus.groovy.grails.web.servlet.filter.GrailsReloadServletFilter.doFilterInternal(GrailsReloadServletFilter.java:104)
	at org.springframework.web.filter.OncePerRequestFilter.doFilter(OncePerRequestFilter.java:76)
	at org.apache.catalina.core.ApplicationFilterChain.internalDoFilter(ApplicationFilterChain.java:235)
	at org.apache.catalina.core.ApplicationFilterChain.doFilter(ApplicationFilterChain.java:206)
	at org.codehaus.groovy.grails.web.servlet.mvc.GrailsWebRequestFilter.doFilterInternal(GrailsWebRequestFilter.java:69)
	at org.springframework.web.filter.OncePerRequestFilter.doFilter(OncePerRequestFilter.java:76)
	at org.apache.catalina.core.ApplicationFilterChain.internalDoFilter(ApplicationFilterChain.java:235)
	at org.apache.catalina.core.ApplicationFilterChain.doFilter(ApplicationFilterChain.java:206)
	at org.codehaus.groovy.grails.web.filters.HiddenHttpMethodFilter.doFilterInternal(HiddenHttpMethodFilter.java:69)
	at org.springframework.web.filter.OncePerRequestFilter.doFilter(OncePerRequestFilter.java:76)
	at org.apache.catalina.core.ApplicationFilterChain.internalDoFilter(ApplicationFilterChain.java:235)
	at org.apache.catalina.core.ApplicationFilterChain.doFilter(ApplicationFilterChain.java:206)
	at org.springframework.web.filter.CharacterEncodingFilter.doFilterInternal(CharacterEncodingFilter.java:88)
	at org.springframework.web.filter.OncePerRequestFilter.doFilter(OncePerRequestFilter.java:76)
	at org.springframework.web.filter.DelegatingFilterProxy.invokeDelegate(DelegatingFilterProxy.java:237)
	at org.springframework.web.filter.DelegatingFilterProxy.doFilter(DelegatingFilterProxy.java:167)
	at org.apache.catalina.core.ApplicationFilterChain.internalDoFilter(ApplicationFilterChain.java:235)
	at org.apache.catalina.core.ApplicationFilterChain.doFilter(ApplicationFilterChain.java:206)
	at org.apache.catalina.core.StandardWrapperValve.invoke(StandardWrapperValve.java:233)
	at org.apache.catalina.core.StandardContextValve.invoke(StandardContextValve.java:191)
	at org.apache.catalina.core.StandardHostValve.invoke(StandardHostValve.java:128)
	at org.apache.catalina.valves.ErrorReportValve.invoke(ErrorReportValve.java:102)
	at org.apache.catalina.core.StandardEngineValve.invoke(StandardEngineValve.java:109)
	at org.apache.catalina.connector.CoyoteAdapter.service(CoyoteAdapter.java:293)
	at org.apache.coyote.http11.Http11Processor.process(Http11Processor.java:849)
	at org.apache.coyote.http11.Http11Protocol$Http11ConnectionHandler.process(Http11Protocol.java:583)
	at org.apache.tomcat.util.net.JIoEndpoint$Worker.run(JIoEndpoint.java:454)
	at java.lang.Thread.run(Thread.java:680)
Caused by: org.codehaus.groovy.grails.web.taglib.exceptions.GrailsTagException: Error executing tag <g:layoutHead>: Cannot invoke method writeHead() on null object at /Users/peterandreaschronz/Documents/business/Sharevent/ShareventImpl/Sharevent/grails-app/views/main/view.gsp:13
	at Users_peterandreaschronz_Documents_business_Sharevent_ShareventImpl_Sharevent_grails_app_views_main_view_gsp$_run_closure1.doCall(view.gsp:13)
	at Users_peterandreaschronz_Documents_business_Sharevent_ShareventImpl_Sharevent_grails_app_views_main_view_gsp$_run_closure1.doCall(view.gsp)
	at Users_peterandreaschronz_Documents_business_Sharevent_ShareventImpl_Sharevent_grails_app_views_main_view_gsp.run(view.gsp:14)
	... 1 more
Caused by: java.lang.NullPointerException: Cannot invoke method writeHead() on null object
	... 4 more
